c:\users\marek\desktop\cpp\engine\x64\debug\game.obj
c:\users\marek\desktop\cpp\engine\x64\debug\graphics.obj
c:\users\marek\desktop\cpp\engine\x64\debug\board.obj
c:\users\marek\desktop\cpp\engine\x64\debug\goal.obj
c:\users\marek\desktop\cpp\engine\x64\debug\mainwindow.obj
c:\users\marek\desktop\cpp\engine\x64\debug\dxerr.obj
c:\users\marek\desktop\cpp\engine\x64\debug\spritecodex.obj
c:\users\marek\desktop\cpp\engine\x64\debug\keyboard.obj
c:\users\marek\desktop\cpp\engine\x64\debug\main.obj
c:\users\marek\desktop\cpp\engine\x64\debug\mouse.obj
c:\users\wrzg406\desktop\docs\cpp\program\engine\x64\debug\board.obj
c:\users\wrzg406\desktop\docs\cpp\program\engine\x64\debug\main.obj
c:\users\wrzg406\desktop\docs\cpp\program\engine\x64\debug\dxerr.obj
c:\users\wrzg406\desktop\docs\cpp\program\engine\x64\debug\graphics.obj
c:\users\wrzg406\desktop\docs\cpp\program\engine\x64\debug\spritecodex.obj
c:\users\wrzg406\desktop\docs\cpp\program\engine\x64\debug\game.obj
c:\users\wrzg406\desktop\docs\cpp\program\engine\x64\debug\keyboard.obj
c:\users\wrzg406\desktop\docs\cpp\program\engine\x64\debug\mouse.obj
c:\users\wrzg406\desktop\docs\cpp\program\engine\x64\debug\snake.obj
c:\users\wrzg406\desktop\docs\cpp\program\engine\x64\debug\goal.obj
c:\users\wrzg406\desktop\docs\cpp\program\engine\x64\debug\mainwindow.obj
c:\users\wrzg406\desktop\docs\cpp\program\engine\x64\debug\vc141.pdb
c:\users\wrzg406\desktop\docs\cpp\program\engine\x64\debug\frametimer.obj
c:\users\marek\desktop\cpp\engine\framebufferps.shh
c:\users\marek\desktop\cpp\engine\framebuffervs.shh
c:\users\wrzg406\desktop\docs\cpp\program\engine\framebufferps.shh
c:\users\wrzg406\desktop\docs\cpp\program\engine\framebuffervs.shh
c:\users\wrzg406\desktop\docs\cpp\program\x64\debug\engine.ilk
c:\users\wrzg406\desktop\docs\cpp\program\x64\debug\engine.exe
c:\users\wrzg406\desktop\docs\cpp\program\x64\debug\engine.pdb
c:\users\wrzg406\desktop\docs\cpp\program\engine\x64\debug\resource.res
c:\users\wrzg406\desktop\docs\cpp\program\engine\x64\debug\vc141.idb
c:\users\wrzg406\desktop\docs\cpp\program\engine\x64\debug\engine.tlog\cl.command.1.tlog
c:\users\wrzg406\desktop\docs\cpp\program\engine\x64\debug\engine.tlog\cl.read.1.tlog
c:\users\wrzg406\desktop\docs\cpp\program\engine\x64\debug\engine.tlog\cl.write.1.tlog
c:\users\wrzg406\desktop\docs\cpp\program\engine\x64\debug\engine.tlog\engine.write.1u.tlog
c:\users\wrzg406\desktop\docs\cpp\program\engine\x64\debug\engine.tlog\fxc.command.1.tlog
c:\users\wrzg406\desktop\docs\cpp\program\engine\x64\debug\engine.tlog\fxc.read.1.tlog
c:\users\wrzg406\desktop\docs\cpp\program\engine\x64\debug\engine.tlog\fxc.write.1.tlog
c:\users\wrzg406\desktop\docs\cpp\program\engine\x64\debug\engine.tlog\link.command.1.tlog
c:\users\wrzg406\desktop\docs\cpp\program\engine\x64\debug\engine.tlog\link.read.1.tlog
c:\users\wrzg406\desktop\docs\cpp\program\engine\x64\debug\engine.tlog\link.write.1.tlog
c:\users\wrzg406\desktop\docs\cpp\program\engine\x64\debug\engine.tlog\rc.command.1.tlog
c:\users\wrzg406\desktop\docs\cpp\program\engine\x64\debug\engine.tlog\rc.read.1.tlog
c:\users\wrzg406\desktop\docs\cpp\program\engine\x64\debug\engine.tlog\rc.write.1.tlog
